<?xml version="1.0" encoding="UTF-8"?>
<!-- Generated by org.testng.reporters.JUnitXMLReporter -->
<testsuite hostname="TOSHIBA" name="Yahoo Registration Test" tests="3" failures="0" timestamp="22 Jan 2014 06:41:36 GMT" time="0.012" errors="0">
  <testcase name="register" time="0.0020" classname="test.YahooRegistrationTest"/>
  <testcase name="register" time="0.0010" classname="test.YahooRegistrationTest"/>
  <testcase name="register" time="0.0020" classname="test.YahooRegistrationTest"/>
</testsuite> <!-- Yahoo Registration Test -->
